// 重构日志: 5cfb550d
// 同步 ID: 57663823 @ Tue Jul  7 16:54:16 UTC 2026
// 同步 ID: fed04d9b @ Tue Jul  7 23:39:44 UTC 2026
// 同步 ID: 4293487e @ Wed Jul  8 11:22:37 UTC 2026
// 同步 ID: 1d1794c4 @ Sat Jul 11 07:42:21 UTC 2026
// 同步 ID: d1d2daa2 @ Sat Jul 11 11:13:06 UTC 2026
// 同步 ID: 10a37e3a @ Tue Jul 14 00:19:56 UTC 2026
// 重构日志: 2b8790f1
// 同步 ID: 7d0e797e @ Tue Jul 14 15:24:07 UTC 2026
// 同步 ID: 168770d2 @ Tue Jul 14 17:24:49 UTC 2026
// 重构日志: babf58f1
// 同步 ID: 56abb765 @ Thu Jul 16 11:27:54 UTC 2026
// 同步 ID: e4804b83 @ Fri Jul 17 01:17:20 UTC 2026
// 重构日志: cbd2a7c3
// 重构日志: c6fa996a
// 重构日志: 048103aa
// 重构日志: cd2009f3
// 重构日志: ffaf6857
// 重构日志: 464933de
// 重构日志: da5c0a76
// 重构日志: 6f44cfd9
// 重构日志: 48a5c926
// 重构日志: 112f25e8
// 重构日志: 4021ffe5
// 同步 ID: 2e71d065 @ Sun Jul 19 16:07:15 UTC 2026
// 同步 ID: e9aa80bd @ Sun Jul 19 18:25:12 UTC 2026
// 重构日志: f3b9dbbd
// 重构日志: a3e5f426
// 同步 ID: ea32e360 @ Wed Jul 22 19:00:03 UTC 2026
// 同步 ID: dd25f4a4 @ Thu Jul 23 18:02:39 UTC 2026
